TN:
SF:lib/apis/auth_api/auth_client.dart
FNF:0
FNH:0
DA:22,0
DA:25,0
DA:28,0
DA:29,0
DA:30,1
DA:31,2
DA:33,1
DA:34,2
DA:35,0
DA:36,0
DA:37,0
DA:38,0
DA:39,0
DA:40,0
DA:41,0
DA:42,0
DA:43,0
DA:44,0
DA:49,0
DA:57,0
DA:58,0
DA:67,0
DA:72,1
DA:76,2
DA:79,1
DA:80,1
DA:83,0
DA:84,0
DA:87,1
DA:88,1
DA:91,0
DA:95,1
DA:96,1
DA:99,0
DA:100,0
DA:103,1
DA:104,1
DA:107,0
DA:108,0
DA:114,1
DA:116,1
DA:120,2
DA:121,2
DA:123,1
DA:126,1
DA:133,2
DA:143,0
DA:151,0
DA:162,0
DA:165,0
DA:171,1
DA:176,2
DA:184,1
DA:190,2
LF:54
LH:25
end_of_record
TN:
SF:lib/apis/auth_api/auth_engine.dart
FNF:0
FNH:0
DA:54,3
DA:63,3
DA:65,3
DA:69,9
DA:70,6
DA:71,6
DA:72,6
DA:73,6
DA:75,3
DA:77,3
DA:80,2
DA:86,2
DA:88,2
DA:93,3
DA:96,1
DA:97,1
DA:99,6
DA:102,6
DA:104,8
DA:105,2
DA:107,2
DA:108,2
DA:111,2
DA:113,2
DA:117,2
DA:119,4
DA:121,2
DA:124,4
DA:130,6
DA:136,2
DA:138,2
DA:147,2
DA:155,2
DA:167,6
DA:170,6
DA:173,2
DA:177,0
DA:178,0
DA:183,0
DA:184,0
DA:188,6
DA:190,2
DA:191,2
DA:192,2
DA:193,4
DA:194,2
DA:195,2
DA:202,2
DA:203,2
DA:204,2
DA:207,4
DA:208,4
DA:210,2
DA:211,0
DA:216,2
DA:217,0
DA:223,2
DA:228,4
DA:232,0
DA:240,0
DA:241,0
DA:243,2
DA:248,4
DA:249,2
DA:253,2
DA:260,2
DA:262,2
DA:263,2
DA:270,2
DA:271,4
DA:272,6
DA:273,8
DA:276,2
DA:283,0
DA:287,0
DA:291,2
DA:293,2
DA:295,2
DA:301,6
DA:305,2
DA:309,6
DA:311,4
DA:312,2
DA:313,2
DA:315,2
DA:322,2
DA:324,2
DA:325,8
DA:326,4
DA:331,1
DA:335,1
DA:336,1
DA:337,1
DA:338,1
DA:339,3
DA:341,2
DA:342,2
DA:347,2
DA:353,4
DA:354,2
DA:355,4
DA:356,4
DA:357,4
DA:358,4
DA:359,4
DA:360,2
DA:361,2
DA:362,5
DA:363,1
DA:365,2
DA:369,2
DA:377,6
DA:384,2
DA:385,2
DA:386,0
DA:392,3
DA:393,9
DA:395,3
DA:400,2
DA:405,4
DA:408,2
DA:409,2
DA:412,4
DA:413,4
DA:414,2
DA:415,2
DA:417,2
DA:422,4
DA:423,2
DA:424,2
DA:426,2
DA:427,2
DA:430,0
DA:431,0
DA:432,0
DA:434,0
DA:435,0
DA:436,0
LF:138
LH:120
end_of_record
TN:
SF:lib/apis/core/core.dart
FNF:0
FNH:0
DA:33,7
DA:35,7
DA:72,9
DA:73,9
DA:75,0
DA:77,0
DA:80,0
DA:82,0
DA:88,10
DA:97,20
DA:98,10
DA:99,10
DA:101,20
DA:102,20
DA:105,20
DA:107,10
DA:108,10
DA:111,0
DA:114,20
DA:116,10
DA:117,10
DA:120,0
DA:121,0
DA:124,10
DA:125,10
DA:128,0
DA:132,20
DA:133,10
DA:136,0
DA:138,20
DA:140,10
DA:141,10
DA:144,0
DA:145,0
DA:148,10
DA:149,10
DA:152,0
DA:154,10
DA:155,10
DA:158,0
DA:161,20
DA:163,10
DA:164,10
DA:168,20
DA:174,9
DA:176,18
DA:177,18
DA:178,18
DA:179,18
DA:180,18
DA:181,18
LF:51
LH:38
end_of_record
TN:
SF:lib/apis/core/crypto/crypto.dart
FNF:0
FNH:0
DA:24,0
DA:35,10
DA:40,10
DA:41,10
DA:43,10
DA:45,10
DA:49,20
DA:51,10
DA:54,0
DA:56,0
DA:57,0
DA:60,0
DA:62,0
DA:65,0
DA:66,0
DA:67,0
DA:70,6
DA:72,6
DA:74,12
DA:75,6
DA:78,6
DA:84,6
DA:86,6
DA:87,12
DA:88,6
DA:91,8
DA:96,8
DA:98,16
DA:100,16
DA:104,4
DA:106,4
DA:107,8
DA:110,6
DA:112,6
DA:113,12
DA:116,7
DA:122,7
DA:126,14
DA:128,4
DA:129,2
DA:130,2
DA:131,2
DA:135,7
DA:137,14
DA:138,2
DA:139,2
DA:140,2
DA:143,7
DA:148,14
DA:151,7
DA:152,7
DA:158,7
DA:164,7
DA:166,14
DA:168,6
DA:171,14
DA:172,2
DA:173,2
DA:174,2
DA:176,7
DA:181,14
DA:186,9
DA:188,9
DA:190,9
DA:191,18
DA:192,18
DA:193,18
DA:202,0
DA:204,0
DA:206,0
DA:211,6
DA:212,24
DA:213,6
DA:216,6
DA:217,12
DA:220,7
DA:222,14
DA:238,9
DA:239,18
DA:241,18
DA:242,18
DA:245,18
DA:248,10
DA:249,10
DA:250,1
DA:254,7
DA:256,7
LF:87
LH:75
end_of_record
TN:
SF:lib/apis/core/crypto/crypto_models.dart
FNF:0
FNH:0
DA:9,22
DA:11,0
DA:12,0
DA:15,0
DA:16,0
DA:27,0
DA:43,7
DA:57,7
DA:72,2
DA:82,6
LF:10
LH:5
end_of_record
TN:
SF:lib/apis/core/crypto/crypto_utils.dart
FNF:0
FNH:0
DA:16,30
DA:23,6
DA:25,6
DA:27,6
DA:28,12
DA:29,12
DA:33,10
DA:35,10
DA:36,20
DA:37,30
DA:42,10
DA:44,20
DA:47,6
DA:49,6
DA:50,6
DA:51,6
DA:54,6
DA:56,12
DA:57,6
DA:61,6
DA:63,6
DA:64,6
DA:67,8
DA:69,8
DA:70,16
DA:71,8
DA:72,8
DA:79,5
DA:81,5
DA:82,10
DA:83,5
DA:84,5
DA:90,7
DA:103,7
DA:112,8
DA:114,7
DA:115,7
DA:116,7
DA:117,7
DA:118,7
DA:123,7
DA:125,7
DA:128,3
DA:133,7
DA:135,7
DA:136,7
DA:137,7
DA:139,7
DA:140,7
DA:141,7
DA:145,7
DA:146,7
DA:149,7
DA:156,7
DA:158,7
DA:166,3
DA:170,7
DA:172,7
DA:175,7
DA:177,7
DA:178,7
DA:182,7
DA:183,3
DA:185,3
DA:187,3
DA:189,14
DA:190,7
DA:191,7
DA:192,7
DA:194,7
DA:203,7
DA:208,7
DA:209,7
DA:210,6
DA:212,7
DA:213,7
DA:219,7
DA:226,7
DA:236,7
DA:243,7
DA:247,14
DA:248,3
DA:249,3
LF:83
LH:83
end_of_record
TN:
SF:lib/apis/core/echo/echo.dart
FNF:0
FNH:0
DA:10,11
DA:12,1
DA:14,2
DA:15,3
DA:16,2
DA:22,2
DA:23,3
DA:24,4
DA:27,0
DA:31,1
DA:33,2
DA:34,3
DA:35,2
DA:40,2
DA:41,3
DA:42,4
DA:45,0
LF:17
LH:15
end_of_record
TN:
SF:lib/apis/core/echo/echo_client.dart
FNF:0
FNH:0
DA:14,11
DA:16,1
DA:22,1
DA:24,3
DA:25,2
DA:28,2
DA:31,2
DA:32,1
DA:35,1
DA:40,3
DA:42,2
DA:44,2
DA:45,1
LF:13
LH:13
end_of_record
TN:
SF:lib/apis/core/echo/models/echo_body.dart
FNF:0
FNH:0
DA:11,1
DA:17,0
DA:18,0
DA:20,2
LF:4
LH:2
end_of_record
TN:
SF:lib/apis/core/echo/models/echo_response.dart
FNF:0
FNH:0
DA:11,1
DA:17,1
DA:18,1
DA:20,0
DA:28,1
DA:30,1
DA:31,1
DA:33,0
DA:42,1
DA:48,2
DA:50,0
LF:11
LH:8
end_of_record
TN:
SF:lib/apis/core/heartbit/heartbeat.dart
FNF:0
FNH:0
DA:12,10
DA:14,9
DA:16,9
DA:17,18
DA:18,18
DA:19,18
DA:23,0
DA:25,0
DA:26,0
LF:9
LH:6
end_of_record
TN:
SF:lib/apis/core/pairing/expirer.dart
FNF:0
FNH:0
DA:11,10
DA:18,0
DA:20,0
DA:22,0
DA:23,0
DA:32,6
DA:34,6
DA:36,12
DA:37,12
DA:38,6
DA:39,4
DA:47,4
DA:49,4
DA:51,8
DA:56,8
DA:57,4
DA:62,4
LF:17
LH:13
end_of_record
TN:
SF:lib/apis/core/pairing/json_rpc_history.dart
FNF:0
FNH:0
DA:7,11
DA:14,1
DA:16,1
DA:19,2
DA:20,2
DA:24,1
DA:27,1
DA:31,2
DA:32,1
DA:33,1
DA:34,0
DA:36,1
LF:12
LH:11
end_of_record
TN:
SF:lib/apis/core/pairing/pairing.dart
FNF:0
FNH:0
DA:29,6
DA:66,10
DA:73,9
DA:75,9
DA:79,9
DA:80,9
DA:81,9
DA:83,27
DA:84,18
DA:85,18
DA:86,18
DA:88,9
DA:90,9
DA:92,9
DA:95,6
DA:97,12
DA:98,24
DA:102,7
DA:104,7
DA:105,28
DA:106,21
DA:107,7
DA:110,7
DA:111,7
DA:116,20
DA:118,7
DA:119,14
DA:120,14
DA:128,14
DA:129,7
DA:134,14
DA:135,21
DA:136,21
DA:138,7
DA:145,7
DA:150,7
DA:153,7
DA:156,7
DA:157,14
DA:158,3
DA:164,7
DA:165,14
DA:166,14
DA:167,7
DA:172,14
DA:176,7
DA:177,14
DA:178,21
DA:180,4
DA:182,8
DA:183,4
DA:184,4
DA:198,14
DA:199,21
DA:200,28
DA:203,21
DA:205,14
DA:206,7
DA:212,2
DA:221,7
DA:223,7
DA:224,7
DA:229,14
DA:230,7
DA:236,14
DA:241,21
DA:244,9
DA:250,18
DA:251,6
DA:252,6
DA:260,27
DA:267,2
DA:273,2
DA:274,4
DA:276,2
DA:279,2
DA:286,1
DA:291,1
DA:294,1
DA:295,1
DA:304,2
DA:308,3
DA:314,5
DA:319,5
DA:320,10
DA:326,9
DA:328,18
DA:331,4
DA:333,8
DA:336,5
DA:338,5
DA:340,5
DA:342,10
DA:344,5
DA:347,5
DA:352,4
DA:354,4
DA:356,4
DA:357,8
DA:360,4
DA:363,8
DA:368,8
DA:370,8
DA:371,4
DA:378,5
DA:380,5
DA:383,6
DA:385,12
DA:386,4
DA:388,4
DA:392,18
DA:393,0
DA:395,0
DA:402,6
DA:411,18
DA:412,6
DA:415,6
DA:422,18
DA:432,12
DA:434,4
DA:438,12
DA:439,21
DA:442,18
DA:444,18
DA:447,6
DA:448,6
DA:453,6
DA:454,0
DA:458,12
DA:459,0
DA:462,12
DA:468,6
DA:476,18
DA:477,6
DA:480,6
DA:484,18
DA:494,12
DA:495,18
DA:498,6
DA:499,6
DA:503,3
DA:512,9
DA:513,3
DA:516,3
DA:520,9
DA:531,3
DA:532,0
DA:533,6
DA:537,9
DA:540,3
DA:541,3
DA:547,9
DA:549,27
DA:554,16
DA:555,8
DA:556,0
DA:558,0
DA:563,2
DA:564,6
DA:565,4
DA:566,6
DA:568,6
DA:572,9
DA:573,9
DA:574,9
DA:575,3
DA:577,9
DA:578,10
DA:580,2
DA:584,9
DA:585,9
DA:586,9
DA:587,4
DA:589,9
DA:591,10
DA:593,4
DA:598,9
DA:599,9
DA:600,12
DA:601,9
DA:603,10
DA:605,3
DA:609,7
DA:610,7
DA:611,0
DA:619,9
DA:620,45
DA:621,45
DA:623,9
DA:625,9
DA:628,9
DA:630,9
DA:635,0
DA:637,0
DA:640,6
DA:647,18
DA:650,6
DA:654,18
DA:655,6
DA:656,6
DA:657,6
DA:658,2
DA:667,6
DA:668,24
DA:672,6
DA:673,6
DA:674,18
DA:675,36
DA:677,0
DA:682,6
DA:694,18
DA:695,6
DA:696,15
DA:697,9
DA:698,3
DA:699,6
DA:704,30
DA:705,36
DA:711,5
DA:715,5
DA:718,5
DA:719,5
DA:722,5
DA:725,10
DA:726,5
DA:731,0
DA:733,0
DA:736,0
DA:742,4
DA:747,4
DA:749,4
DA:750,4
DA:753,4
DA:756,8
DA:757,8
DA:758,4
DA:763,0
DA:764,0
DA:767,0
DA:773,0
DA:777,0
DA:778,0
DA:780,0
DA:783,0
DA:786,0
DA:787,0
DA:790,0
DA:791,0
DA:793,0
DA:794,0
DA:800,9
DA:801,45
DA:804,9
DA:805,45
DA:808,4
DA:813,12
DA:815,2
DA:816,2
DA:817,1
DA:818,1
DA:824,6
DA:825,6
DA:830,5
DA:831,5
DA:834,4
DA:835,4
LF:266
LH:238
end_of_record
TN:
SF:lib/apis/core/pairing/pairing_store.dart
FNF:0
FNH:0
DA:6,11
DA:13,8
DA:20,8
DA:22,8
DA:28,16
DA:31,14
DA:34,10
DA:37,8
LF:8
LH:8
end_of_record
TN:
SF:lib/apis/core/pairing/utils/json_rpc_utils.dart
FNF:0
FNH:0
DA:8,8
DA:9,8
DA:10,24
DA:11,32
DA:12,8
DA:15,6
DA:20,6
DA:21,6
DA:28,6
DA:32,6
DA:39,3
DA:40,3
DA:43,3
DA:47,7
DA:51,7
DA:54,13
DA:55,24
DA:57,4
DA:62,7
DA:65,4
DA:68,8
LF:21
LH:21
end_of_record
TN:
SF:lib/apis/core/pairing/utils/pairing_models.dart
FNF:0
FNH:0
DA:28,0
DA:29,0
DA:44,0
DA:51,5
DA:52,5
DA:63,0
DA:64,0
DA:72,7
DA:78,0
DA:80,0
DA:88,4
DA:93,0
DA:95,0
DA:102,0
DA:104,0
DA:106,0
DA:113,4
DA:117,0
DA:119,0
DA:128,7
DA:134,0
DA:136,0
DA:144,7
DA:149,0
DA:151,0
DA:168,0
DA:169,0
DA:181,0
DA:182,0
DA:190,9
DA:196,0
DA:198,0
LF:32
LH:8
end_of_record
TN:
SF:lib/apis/core/relay_auth/relay_auth.dart
FNF:0
FNH:0
DA:20,9
DA:25,0
DA:26,0
DA:27,0
DA:29,9
DA:30,9
DA:33,9
DA:34,18
DA:35,18
DA:39,10
DA:47,36
DA:48,10
DA:49,20
DA:50,10
DA:51,10
DA:58,10
DA:59,10
DA:64,10
DA:65,20
DA:69,20
DA:72,1
DA:74,1
DA:77,3
DA:78,3
DA:79,0
DA:85,3
DA:86,1
DA:87,1
DA:88,2
DA:89,2
DA:103,10
DA:104,10
DA:107,10
DA:109,10
DA:110,10
DA:111,10
DA:113,10
DA:118,1
DA:120,1
DA:121,1
DA:122,1
DA:123,1
DA:132,10
DA:134,20
DA:136,50
DA:137,10
DA:141,10
DA:145,1
DA:147,1
DA:148,4
DA:149,0
DA:151,1
DA:154,1
DA:155,1
DA:156,0
DA:163,3
DA:166,3
DA:167,1
DA:168,0
DA:175,1
DA:176,2
DA:177,0
DA:186,10
DA:188,10
DA:189,30
DA:190,30
DA:191,10
DA:193,20
DA:196,0
DA:198,0
DA:200,0
DA:201,0
DA:203,0
DA:206,10
DA:208,20
DA:211,1
DA:213,3
DA:216,10
DA:218,10
DA:219,30
DA:220,30
DA:221,30
DA:222,10
DA:225,1
DA:227,1
DA:229,3
DA:230,3
DA:231,2
DA:232,3
DA:234,1
LF:90
LH:77
end_of_record
TN:
SF:lib/apis/core/relay_auth/relay_auth_models.dart
FNF:0
FNH:0
DA:14,9
DA:17,9
DA:18,9
DA:20,1
DA:23,2
DA:24,2
DA:35,10
DA:40,1
DA:41,1
DA:43,20
DA:54,10
DA:62,1
DA:63,1
DA:65,20
DA:72,10
DA:78,10
DA:82,20
DA:88,1
DA:93,1
DA:100,0
DA:110,0
LF:21
LH:19
end_of_record
TN:
SF:lib/apis/core/relay_client/i_relay_client.dart
FNF:0
FNH:0
DA:10,0
LF:1
LH:0
end_of_record
TN:
SF:lib/apis/core/relay_client/json_rpc_2/error_code.dart
FNF:0
FNH:0
DA:42,0
DA:44,0
DA:46,0
DA:48,0
DA:50,0
DA:52,0
LF:6
LH:0
end_of_record
TN:
SF:lib/apis/core/relay_client/json_rpc_2/src/client.dart
FNF:0
FNH:0
DA:40,24
DA:46,24
DA:52,0
DA:53,0
DA:54,0
DA:64,8
DA:65,24
DA:66,21
DA:67,15
DA:68,10
DA:70,16
DA:71,8
DA:82,8
DA:83,32
DA:84,0
DA:85,0
DA:86,0
DA:87,0
DA:88,0
DA:90,8
DA:97,8
DA:98,24
DA:99,32
DA:100,8
DA:116,8
DA:117,0
DA:118,8
DA:120,8
DA:121,32
DA:122,8
DA:137,0
DA:138,0
DA:144,8
DA:145,8
DA:146,8
DA:147,0
DA:150,8
DA:152,8
DA:153,8
DA:154,8
DA:156,8
DA:157,0
DA:159,24
DA:175,0
DA:176,0
DA:177,0
DA:181,0
DA:182,0
DA:183,0
DA:184,0
DA:189,8
DA:190,8
DA:191,0
DA:193,8
DA:199,8
DA:200,8
DA:201,8
DA:202,8
DA:203,16
DA:204,8
DA:205,21
DA:207,8
DA:208,20
DA:209,8
DA:210,4
DA:215,8
DA:216,8
DA:217,16
DA:218,8
DA:219,8
DA:220,16
DA:221,8
DA:223,4
DA:224,4
DA:225,4
DA:226,8
DA:227,8
DA:243,8
LF:78
LH:57
end_of_record
TN:
SF:lib/apis/core/relay_client/json_rpc_2/src/exception.dart
FNF:0
FNH:0
DA:29,4
DA:34,0
DA:35,0
DA:41,0
DA:42,0
DA:46,0
DA:48,0
DA:49,0
DA:50,0
DA:51,0
DA:52,0
DA:54,0
DA:57,0
DA:58,0
DA:59,0
DA:61,0
DA:66,0
DA:68,0
DA:69,0
DA:70,0
DA:71,0
LF:21
LH:1
end_of_record
TN:
SF:lib/apis/core/relay_client/json_rpc_2/src/parameters.dart
FNF:0
FNH:0
DA:31,7
DA:46,7
DA:47,7
DA:48,0
DA:49,0
DA:50,0
DA:52,0
DA:54,7
DA:55,7
DA:56,14
DA:57,28
DA:59,0
DA:62,0
DA:68,0
DA:69,0
DA:70,0
DA:74,0
DA:75,0
DA:76,0
DA:80,0
DA:81,0
DA:82,0
DA:87,7
DA:88,14
DA:89,0
DA:128,0
DA:129,0
DA:130,0
DA:133,0
DA:134,0
DA:138,0
DA:139,0
DA:140,0
DA:143,0
DA:144,0
DA:145,0
DA:146,0
DA:149,0
DA:153,0
DA:155,7
DA:156,7
DA:159,0
DA:165,0
DA:170,0
DA:180,0
DA:189,0
DA:195,0
DA:200,0
DA:206,0
DA:211,0
DA:217,0
DA:218,0
DA:223,0
DA:229,7
DA:230,21
DA:235,0
DA:242,0
DA:248,0
DA:255,0
DA:261,0
DA:268,7
DA:269,21
DA:270,0
DA:271,0
DA:274,0
DA:275,0
DA:277,0
DA:278,0
DA:282,0
DA:283,0
DA:286,0
DA:289,0
DA:290,0
DA:291,0
DA:295,0
DA:298,0
DA:301,7
DA:304,7
DA:310,0
DA:312,0
DA:313,0
DA:316,0
DA:319,0
DA:320,0
DA:322,0
DA:325,0
DA:328,0
DA:331,0
DA:334,0
DA:337,0
DA:340,0
DA:343,0
DA:346,0
LF:93
LH:17
end_of_record
TN:
SF:lib/apis/core/relay_client/json_rpc_2/src/peer.dart
FNF:0
FNH:0
DA:39,56
DA:41,8
DA:42,32
DA:44,0
DA:45,0
DA:47,0
DA:48,0
DA:62,8
DA:64,8
DA:65,32
DA:84,8
DA:86,16
DA:87,40
DA:90,16
DA:91,40
DA:96,8
DA:98,16
DA:100,0
DA:102,0
DA:104,0
DA:105,0
DA:109,8
DA:111,16
DA:113,0
DA:115,0
DA:119,8
DA:121,16
DA:122,16
DA:123,32
DA:124,8
DA:125,16
DA:126,16
DA:128,14
DA:130,0
DA:131,0
DA:132,0
DA:133,0
DA:134,0
DA:135,0
DA:137,0
DA:142,0
DA:144,0
DA:145,0
DA:146,8
DA:147,8
DA:150,8
DA:152,16
DA:153,16
DA:154,8
LF:49
LH:29
end_of_record
TN:
SF:lib/apis/core/relay_client/json_rpc_2/src/server.dart
FNF:0
FNH:0
DA:50,24
DA:56,24
DA:84,0
DA:86,0
DA:87,0
DA:106,8
DA:115,8
DA:116,32
DA:117,0
DA:118,0
DA:119,0
DA:120,0
DA:122,8
DA:129,8
DA:130,24
DA:131,32
DA:132,8
DA:144,8
DA:145,16
DA:146,0
DA:149,16
DA:163,0
DA:164,0
DA:174,7
DA:176,7
DA:177,0
DA:178,0
DA:180,0
DA:182,0
DA:183,0
DA:184,0
DA:185,0
DA:188,7
DA:192,28
DA:196,7
DA:198,7
DA:200,7
DA:201,14
DA:202,0
DA:205,7
DA:206,0
DA:207,0
DA:210,0
DA:212,21
DA:217,7
DA:219,14
DA:221,0
DA:222,0
DA:223,0
DA:224,0
DA:226,0
DA:229,0
DA:230,0
DA:233,0
DA:234,0
DA:235,0
DA:236,0
DA:237,0
DA:238,0
DA:243,7
DA:244,7
DA:245,0
DA:251,14
DA:252,0
DA:258,7
DA:259,14
DA:260,0
DA:261,0
DA:263,0
DA:266,7
DA:267,0
DA:273,7
DA:274,14
DA:275,0
DA:276,0
DA:278,0
DA:281,7
DA:282,7
DA:283,14
DA:284,0
DA:285,0
DA:287,0
DA:291,7
DA:292,14
DA:293,0
DA:294,0
DA:296,0
DA:301,0
DA:302,0
DA:304,0
DA:305,0
DA:306,0
DA:310,0
DA:311,0
DA:312,0
DA:313,0
DA:317,0
LF:97
LH:38
end_of_record
TN:
SF:lib/apis/core/relay_client/json_rpc_2/src/utils.dart
FNF:0
FNH:0
DA:16,0
DA:22,0
DA:23,0
DA:30,0
DA:33,0
DA:35,0
DA:39,0
DA:40,0
DA:42,0
DA:47,0
DA:48,0
DA:49,0
DA:50,0
DA:54,16
DA:55,8
DA:59,8
DA:61,16
DA:62,8
DA:64,0
DA:65,0
DA:66,0
DA:67,0
LF:22
LH:5
end_of_record
TN:
SF:lib/apis/core/relay_client/message_tracker.dart
FNF:0
FNH:0
DA:12,11
DA:19,8
DA:20,8
DA:21,16
DA:22,8
DA:23,8
DA:29,8
DA:31,8
DA:33,16
DA:34,8
DA:36,8
DA:40,16
DA:41,24
DA:43,24
DA:44,8
DA:47,8
DA:49,8
DA:50,40
LF:18
LH:18
end_of_record
TN:
SF:lib/apis/core/relay_client/relay_client.dart
FNF:0
FNH:0
DA:55,9
DA:56,25
DA:58,20
DA:81,10
DA:86,10
DA:88,9
DA:90,9
DA:94,18
DA:95,18
DA:98,9
DA:99,9
DA:101,9
DA:104,7
DA:111,7
DA:113,7
DA:121,14
DA:122,7
DA:123,7
DA:125,7
DA:129,15
DA:133,7
DA:135,7
DA:137,21
DA:139,14
DA:142,5
DA:144,5
DA:146,10
DA:149,5
DA:150,5
DA:151,5
DA:155,5
DA:158,12
DA:162,10
DA:163,10
DA:166,10
DA:169,0
DA:171,0
DA:173,0
DA:175,0
DA:178,8
DA:180,8
DA:182,24
DA:184,8
DA:189,9
DA:190,9
DA:194,36
DA:195,63
DA:198,9
DA:199,9
DA:204,18
DA:205,9
DA:206,8
DA:207,8
DA:209,2
DA:210,0
DA:211,0
DA:212,0
DA:213,0
DA:215,10
DA:216,6
DA:217,2
DA:221,9
DA:222,27
DA:223,9
DA:225,9
DA:227,17
DA:228,9
DA:229,18
DA:230,9
DA:233,16
DA:237,9
DA:238,9
DA:239,9
DA:240,45
DA:241,36
DA:242,9
DA:245,18
DA:248,18
DA:249,9
DA:252,9
DA:253,0
DA:254,0
DA:257,36
DA:258,18
DA:259,34
DA:261,32
DA:263,16
DA:264,8
DA:265,8
DA:267,16
DA:268,8
DA:269,8
DA:271,16
DA:272,8
DA:273,8
DA:276,16
DA:283,16
DA:286,8
DA:287,24
DA:288,8
DA:289,8
DA:290,16
DA:291,16
DA:296,16
DA:297,56
DA:300,8
DA:301,8
DA:302,0
DA:305,8
DA:307,32
DA:309,8
DA:314,1
DA:316,1
DA:317,0
DA:319,1
DA:320,1
DA:323,2
DA:324,2
DA:333,9
DA:334,9
DA:335,45
DA:336,9
DA:340,9
DA:341,45
DA:342,9
DA:345,5
DA:346,5
DA:347,0
DA:351,8
DA:352,8
DA:357,7
DA:358,28
DA:360,7
DA:361,24
DA:366,14
DA:369,14
DA:370,7
DA:378,7
DA:379,21
DA:380,21
DA:381,7
DA:384,0
DA:385,0
DA:388,0
DA:389,0
DA:394,7
DA:395,7
DA:396,14
DA:401,8
DA:407,8
DA:411,5
DA:412,0
DA:415,10
DA:416,0
DA:422,16
DA:429,7
DA:432,7
DA:433,7
DA:434,7
DA:435,7
DA:438,4
DA:439,3
DA:446,21
DA:447,14
DA:452,7
DA:453,14
DA:457,0
DA:458,0
DA:459,0
DA:465,8
DA:466,8
DA:467,0
LF:172
LH:149
end_of_record
TN:
SF:lib/apis/core/relay_client/relay_client_models.dart
FNF:0
FNH:0
DA:11,12
DA:16,8
DA:18,8
DA:25,7
DA:30,0
DA:31,0
DA:37,8
DA:45,0
DA:53,0
DA:56,0
LF:10
LH:5
end_of_record
TN:
SF:lib/apis/core/relay_client/websocket/http_client.dart
FNF:0
FNH:0
DA:5,82
DA:7,0
DA:12,0
DA:15,0
DA:17,0
DA:20,0
DA:26,0
LF:7
LH:1
end_of_record
TN:
SF:lib/apis/core/relay_client/websocket/i_http_client.dart
FNF:0
FNH:0
DA:4,82
LF:1
LH:1
end_of_record
TN:
SF:lib/apis/core/relay_client/websocket/websocket_handler.dart
FNF:0
FNH:0
DA:10,8
DA:11,8
DA:15,8
DA:16,16
DA:17,8
DA:18,16
DA:21,8
DA:22,8
DA:24,0
DA:25,0
DA:29,8
DA:33,8
DA:35,8
DA:38,8
DA:42,16
DA:43,8
DA:44,16
DA:48,0
DA:49,0
DA:50,0
DA:54,24
DA:56,8
DA:58,0
DA:59,0
DA:61,0
DA:65,16
DA:76,8
DA:79,8
DA:80,24
DA:83,8
DA:86,0
DA:88,0
LF:32
LH:22
end_of_record
TN:
SF:lib/apis/core/store/generic_store.dart
FNF:0
FNH:0
DA:14,12
DA:15,36
DA:36,12
DA:43,12
DA:45,12
DA:49,24
DA:50,12
DA:52,12
DA:55,8
DA:57,8
DA:58,16
DA:61,12
DA:63,12
DA:64,24
DA:65,20
DA:70,10
DA:72,30
DA:75,12
DA:77,12
DA:79,24
DA:80,18
DA:81,9
DA:87,24
DA:88,12
DA:95,24
DA:97,12
DA:100,9
DA:102,9
DA:104,18
DA:108,18
DA:109,9
DA:111,18
DA:115,9
DA:118,12
DA:120,12
DA:122,24
DA:123,12
DA:126,48
DA:129,12
DA:132,36
DA:134,60
DA:135,48
DA:141,32
DA:142,16
DA:144,4
DA:145,5
DA:146,4
DA:150,24
DA:154,34
DA:156,12
DA:160,2
DA:165,12
DA:167,12
DA:168,0
LF:54
LH:53
end_of_record
TN:
SF:lib/apis/core/store/shared_prefs_store.dart
FNF:0
FNH:0
DA:14,0
DA:15,0
DA:17,0
DA:18,0
DA:20,0
DA:21,0
DA:23,12
DA:28,12
DA:31,12
DA:34,12
DA:36,12
DA:40,12
DA:41,0
DA:44,12
DA:49,8
DA:51,8
DA:53,8
DA:54,16
DA:55,16
DA:58,1
DA:60,0
DA:65,12
DA:67,12
DA:68,12
DA:69,24
DA:71,0
DA:75,0
DA:77,0
DA:78,0
DA:82,12
DA:84,12
DA:86,12
DA:87,24
DA:88,12
DA:92,0
DA:94,0
DA:96,0
DA:97,0
DA:98,0
DA:100,0
DA:101,0
DA:106,1
DA:108,1
DA:110,1
DA:111,2
DA:112,1
DA:115,1
DA:116,1
DA:120,0
DA:121,0
DA:122,0
DA:124,0
DA:128,12
DA:129,12
DA:134,0
DA:135,0
DA:136,0
DA:137,0
DA:139,0
DA:144,1
DA:145,1
DA:148,0
DA:151,12
DA:152,24
DA:155,12
DA:156,12
DA:157,0
LF:67
LH:37
end_of_record
TN:
SF:lib/apis/core/store/store_models.dart
FNF:0
FNH:0
DA:7,12
DA:17,9
DA:27,9
DA:34,12
LF:4
LH:4
end_of_record
TN:
SF:lib/apis/core/verify/models/verify_context.dart
FNF:0
FNH:0
DA:12,0
DA:13,0
DA:14,0
DA:15,0
DA:28,0
DA:29,0
DA:41,0
DA:42,0
DA:49,8
LF:9
LH:1
end_of_record
TN:
SF:lib/apis/core/verify/verify.dart
FNF:0
FNH:0
DA:14,10
DA:20,5
DA:24,10
DA:27,4
DA:30,12
DA:31,16
DA:32,16
DA:33,4
DA:38,0
DA:39,0
DA:41,0
DA:43,20
DA:48,5
DA:51,5
DA:52,0
DA:53,0
LF:16
LH:11
end_of_record
TN:
SF:lib/apis/models/basic_models.dart
FNF:0
FNH:0
DA:20,0
DA:21,0
DA:42,5
DA:43,5
LF:4
LH:2
end_of_record
TN:
SF:lib/apis/models/json_rpc_error.dart
FNF:0
FNH:0
DA:14,0
DA:15,0
DA:16,3
DA:17,6
DA:18,0
DA:19,0
DA:20,0
DA:21,0
DA:22,3
DA:23,6
DA:25,3
DA:26,3
LF:12
LH:6
end_of_record
TN:
SF:lib/apis/models/json_rpc_request.dart
FNF:0
FNH:0
DA:16,6
DA:17,6
LF:2
LH:2
end_of_record
TN:
SF:lib/apis/models/json_rpc_response.dart
FNF:0
FNH:0
DA:17,6
DA:18,12
LF:2
LH:2
end_of_record
TN:
SF:lib/apis/models/uri_parse_result.dart
FNF:0
FNH:0
DA:15,8
DA:28,5
DA:39,8
LF:3
LH:3
end_of_record
TN:
SF:lib/apis/sign_api/models/auth/auth_client_events.dart
FNF:0
FNH:0
DA:15,2
DA:22,0
DA:24,0
DA:35,2
DA:43,0
DA:44,0
DA:45,0
DA:46,0
DA:47,0
DA:48,0
DA:51,0
DA:53,0
LF:12
LH:2
end_of_record
TN:
SF:lib/apis/sign_api/models/auth/auth_client_models.dart
FNF:0
FNH:0
DA:18,2
DA:47,3
DA:59,3
DA:61,0
DA:62,0
DA:63,0
DA:64,0
DA:65,0
DA:66,0
DA:67,0
DA:68,0
DA:69,0
DA:70,0
DA:71,0
DA:72,0
DA:96,2
DA:97,2
DA:98,2
DA:99,2
DA:100,2
DA:101,2
DA:102,2
DA:104,2
DA:105,2
DA:106,2
DA:107,2
DA:108,2
DA:109,2
DA:110,2
DA:111,2
DA:112,2
DA:113,2
DA:114,2
DA:115,2
DA:116,2
DA:117,2
DA:118,2
DA:122,2
DA:123,2
DA:136,0
DA:137,0
DA:147,0
DA:161,0
LF:43
LH:27
end_of_record
TN:
SF:lib/apis/sign_api/models/auth/common_auth_models.dart
FNF:0
FNH:0
DA:16,0
DA:17,0
DA:36,2
DA:37,2
DA:38,2
DA:39,2
DA:40,2
DA:41,2
DA:42,2
DA:43,2
DA:44,2
DA:45,2
DA:46,2
DA:47,2
DA:51,0
DA:54,0
DA:55,0
DA:56,0
DA:57,0
DA:58,0
DA:59,0
DA:60,0
DA:61,0
DA:62,0
DA:63,0
DA:64,0
DA:68,2
DA:69,2
DA:70,2
DA:71,2
DA:72,2
DA:73,2
DA:74,2
DA:75,2
DA:76,2
DA:77,2
DA:78,2
DA:79,2
DA:83,0
DA:84,0
DA:104,2
DA:108,2
DA:110,2
DA:111,2
DA:112,2
DA:113,2
DA:114,2
DA:115,2
DA:116,2
DA:117,2
DA:118,2
DA:119,2
DA:123,2
DA:124,2
DA:137,2
DA:138,2
DA:153,2
DA:154,2
DA:166,4
DA:180,2
DA:185,2
DA:188,2
DA:189,2
DA:190,2
DA:194,0
DA:195,0
LF:66
LH:48
end_of_record
TN:
SF:lib/apis/sign_api/models/auth/session_auth_events.dart
FNF:0
FNH:0
DA:19,0
DA:27,0
DA:28,0
DA:29,0
DA:30,0
DA:31,0
DA:32,0
DA:35,0
DA:37,0
DA:49,0
DA:58,0
DA:59,0
DA:60,0
DA:61,0
DA:62,0
DA:63,0
DA:64,0
DA:67,0
DA:69,0
LF:19
LH:0
end_of_record
TN:
SF:lib/apis/sign_api/models/auth/session_auth_models.dart
FNF:0
FNH:0
DA:20,0
DA:47,0
DA:48,0
DA:71,0
DA:74,0
DA:75,0
DA:76,0
DA:77,0
DA:78,0
DA:79,0
DA:80,0
DA:82,0
DA:83,0
DA:84,0
DA:85,0
DA:86,0
DA:87,0
DA:88,0
DA:89,0
DA:90,0
DA:91,0
DA:92,0
DA:93,0
DA:94,0
DA:95,0
DA:99,0
DA:100,0
DA:115,0
DA:116,0
LF:29
LH:0
end_of_record
TN:
SF:lib/apis/sign_api/models/json_rpc_models.dart
FNF:0
FNH:0
DA:21,0
DA:22,0
DA:32,0
DA:33,0
DA:47,4
DA:48,4
DA:59,0
DA:60,0
DA:76,4
DA:77,4
DA:87,3
DA:88,3
DA:98,3
DA:99,3
DA:111,3
DA:112,3
DA:122,3
DA:123,3
DA:134,3
DA:135,3
DA:146,3
DA:147,3
DA:158,3
DA:159,3
DA:170,3
DA:171,3
DA:184,2
DA:185,2
DA:195,0
DA:196,0
DA:208,0
DA:209,0
DA:220,0
DA:221,0
LF:34
LH:22
end_of_record
TN:
SF:lib/apis/sign_api/models/proposal_models.dart
FNF:0
FNH:0
DA:18,4
DA:19,4
DA:30,0
DA:31,0
DA:49,0
DA:50,0
LF:6
LH:2
end_of_record
TN:
SF:lib/apis/sign_api/models/session_models.dart
FNF:0
FNH:0
DA:21,4
DA:31,0
DA:33,0
DA:47,4
DA:48,4
DA:69,0
DA:70,0
DA:85,0
DA:86,0
LF:9
LH:3
end_of_record
TN:
SF:lib/apis/sign_api/models/sign_client_events.dart
FNF:0
FNH:0
DA:14,4
DA:20,0
DA:21,0
DA:22,0
DA:23,0
DA:26,0
DA:28,0
DA:38,0
DA:45,0
DA:47,0
DA:54,4
DA:58,0
DA:60,0
DA:69,3
DA:75,0
DA:77,0
DA:85,3
DA:87,0
DA:89,0
DA:97,3
DA:99,0
DA:101,0
DA:109,3
DA:114,0
DA:116,0
DA:123,3
DA:125,0
DA:127,0
DA:138,3
DA:146,3
DA:149,3
DA:150,3
DA:151,3
DA:152,3
DA:153,3
DA:154,3
DA:158,0
DA:160,0
DA:171,3
DA:179,0
DA:181,0
DA:188,0
DA:190,0
DA:192,0
LF:44
LH:16
end_of_record
TN:
SF:lib/apis/sign_api/models/sign_client_models.dart
FNF:0
FNH:0
DA:10,4
DA:16,0
DA:18,0
DA:26,4
DA:31,0
DA:33,0
LF:6
LH:2
end_of_record
TN:
SF:lib/apis/sign_api/sessions.dart
FNF:0
FNH:0
DA:7,6
DA:14,5
DA:20,5
DA:22,5
DA:28,10
DA:31,6
DA:34,5
LF:7
LH:7
end_of_record
TN:
SF:lib/apis/sign_api/sign_client.dart
FNF:0
FNH:0
DA:15,1
DA:16,2
DA:17,1
DA:18,2
DA:19,1
DA:20,2
DA:21,1
DA:22,2
DA:23,1
DA:24,2
DA:25,1
DA:26,2
DA:27,1
DA:28,2
DA:29,0
DA:31,0
DA:32,1
DA:33,2
DA:34,1
DA:35,2
DA:36,1
DA:37,2
DA:39,1
DA:40,2
DA:41,0
DA:42,0
DA:43,1
DA:44,2
DA:45,1
DA:46,2
DA:47,1
DA:48,2
DA:53,0
DA:60,0
DA:61,0
DA:69,0
DA:74,1
DA:78,2
DA:81,1
DA:82,1
DA:85,0
DA:86,0
DA:89,1
DA:90,1
DA:93,0
DA:94,0
DA:97,1
DA:98,1
DA:101,0
DA:102,0
DA:105,1
DA:106,1
DA:109,0
DA:110,0
DA:113,1
DA:114,1
DA:117,0
DA:121,1
DA:122,1
DA:125,0
DA:126,0
DA:129,1
DA:130,1
DA:133,0
DA:134,0
DA:137,1
DA:138,1
DA:141,0
DA:142,0
DA:148,1
DA:150,1
DA:154,2
DA:155,2
DA:157,1
DA:160,1
DA:170,2
DA:184,1
DA:189,2
DA:195,1
DA:203,2
DA:214,1
DA:220,2
DA:229,1
DA:235,2
DA:245,1
DA:250,2
DA:256,1
DA:263,2
DA:273,1
DA:280,2
DA:290,0
DA:299,0
DA:311,0
DA:323,0
DA:338,1
DA:344,2
DA:353,1
DA:360,2
DA:370,1
DA:376,2
DA:385,1
DA:391,2
DA:400,1
DA:407,2
DA:417,1
DA:422,2
DA:428,1
DA:434,2
DA:443,1
DA:448,2
DA:454,1
DA:457,2
DA:463,1
DA:468,2
DA:476,1
DA:479,2
DA:485,1
DA:488,2
DA:494,0
DA:495,0
DA:499,0
DA:500,0
DA:502,0
DA:505,0
DA:511,0
DA:514,0
DA:520,0
DA:522,0
DA:524,0
DA:525,0
DA:527,0
DA:528,0
DA:531,0
DA:533,0
DA:535,0
DA:537,0
DA:539,0
DA:546,0
DA:557,0
DA:566,0
DA:576,0
DA:584,0
DA:595,0
DA:601,0
DA:610,0
DA:616,0
DA:625,0
DA:626,0
DA:628,0
DA:629,0
DA:631,0
DA:637,0
DA:646,0
DA:652,0
DA:661,0
DA:666,0
DA:674,0
DA:675,0
LF:158
LH:91
end_of_record
TN:
SF:lib/apis/sign_api/sign_engine.dart
FNF:0
FNH:0
DA:99,5
DA:114,5
DA:116,5
DA:120,15
DA:121,25
DA:122,10
DA:123,10
DA:124,10
DA:127,10
DA:128,10
DA:129,10
DA:130,10
DA:132,10
DA:134,5
DA:135,5
DA:136,5
DA:138,5
DA:140,5
DA:143,5
DA:145,14
DA:146,16
DA:150,4
DA:159,4
DA:161,4
DA:162,0
DA:163,4
DA:172,12
DA:175,4
DA:176,4
DA:179,12
DA:182,12
DA:183,4
DA:185,4
DA:187,8
DA:188,0
DA:189,4
DA:190,4
DA:192,4
DA:197,4
DA:200,4
DA:203,4
DA:204,4
DA:205,4
DA:206,4
DA:207,4
DA:210,4
DA:215,4
DA:217,8
DA:218,4
DA:222,4
DA:223,4
DA:224,4
DA:228,4
DA:234,4
DA:243,4
DA:251,12
DA:254,4
DA:257,4
DA:259,8
DA:260,4
DA:262,12
DA:263,8
DA:269,4
DA:271,12
DA:272,12
DA:275,12
DA:279,4
DA:283,4
DA:285,12
DA:292,4
DA:300,4
DA:302,4
DA:309,8
DA:310,4
DA:313,12
DA:314,8
DA:315,12
DA:322,4
DA:325,12
DA:327,4
DA:329,4
DA:334,4
DA:335,16
DA:337,12
DA:338,4
DA:339,8
DA:342,12
DA:344,4
DA:348,4
DA:350,4
DA:356,4
DA:358,4
DA:360,4
DA:361,4
DA:364,12
DA:366,8
DA:367,4
DA:370,8
DA:371,4
DA:374,4
DA:379,4
DA:381,4
DA:387,4
DA:388,4
DA:389,0
DA:394,8
DA:398,8
DA:400,8
DA:406,4
DA:412,3
DA:417,3
DA:419,3
DA:421,9
DA:427,3
DA:428,9
DA:430,3
DA:432,9
DA:433,3
DA:439,3
DA:442,3
DA:447,3
DA:448,3
DA:453,6
DA:458,9
DA:461,3
DA:465,3
DA:469,3
DA:470,3
DA:472,9
DA:475,3
DA:478,3
DA:480,3
DA:489,3
DA:495,9
DA:498,3
DA:504,3
DA:505,3
DA:510,9
DA:513,3
DA:520,0
DA:529,0
DA:532,0
DA:542,0
DA:553,0
DA:554,0
DA:556,0
DA:560,0
DA:563,0
DA:565,0
DA:566,0
DA:567,0
DA:568,0
DA:569,0
DA:570,0
DA:571,0
DA:572,0
DA:576,0
DA:577,0
DA:579,0
DA:582,0
DA:586,3
DA:591,3
DA:592,3
DA:596,3
DA:597,9
DA:598,3
DA:601,3
DA:604,9
DA:605,3
DA:608,3
DA:612,6
DA:618,3
DA:624,3
DA:625,9
DA:628,3
DA:634,3
DA:635,3
DA:640,9
DA:643,3
DA:650,3
DA:654,3
DA:655,3
DA:657,6
DA:658,9
DA:661,3
DA:663,12
DA:664,9
DA:668,3
DA:673,3
DA:675,3
DA:677,6
DA:680,9
DA:683,3
DA:684,3
DA:685,3
DA:686,3
DA:691,3
DA:693,9
DA:695,0
DA:696,0
DA:697,0
DA:704,3
DA:708,3
DA:709,12
DA:710,3
DA:716,6
DA:719,4
DA:721,4
DA:723,4
DA:724,16
DA:725,8
DA:731,3
DA:735,3
DA:737,3
DA:738,3
DA:739,3
DA:740,12
DA:741,6
DA:742,6
DA:748,4
DA:750,4
DA:752,4
DA:753,16
DA:754,12
DA:760,3
DA:762,3
DA:764,3
DA:765,12
DA:766,9
DA:772,1
DA:773,3
DA:778,3
DA:783,3
DA:785,3
DA:788,3
DA:791,3
DA:792,3
DA:793,3
DA:796,6
DA:799,3
DA:804,3
DA:806,3
DA:809,3
DA:812,3
DA:813,3
DA:814,3
DA:817,6
DA:822,5
DA:824,15
DA:829,10
DA:831,0
DA:835,4
DA:836,4
DA:837,0
DA:841,3
DA:842,3
DA:845,3
DA:850,6
DA:854,9
DA:856,6
DA:857,15
DA:858,9
DA:860,9
DA:863,6
DA:864,3
DA:870,4
DA:874,12
DA:876,12
DA:880,3
DA:884,9
DA:886,0
DA:890,4
DA:891,8
DA:892,8
DA:897,12
DA:900,4
DA:901,12
DA:902,20
DA:905,3
DA:906,6
DA:907,3
DA:910,9
DA:911,3
DA:912,3
DA:918,5
DA:919,5
DA:920,5
DA:922,10
DA:923,0
DA:924,0
DA:927,10
DA:928,0
DA:929,0
DA:933,5
DA:935,0
DA:937,5
DA:942,5
DA:943,15
DA:945,5
DA:948,15
DA:950,5
DA:953,15
DA:955,5
DA:958,15
DA:960,5
DA:963,15
DA:965,5
DA:968,15
DA:970,5
DA:973,15
DA:975,5
DA:978,15
DA:980,5
DA:984,15
DA:986,5
DA:989,15
DA:991,5
DA:996,4
DA:997,12
DA:998,12
DA:1000,8
DA:1005,4
DA:1009,4
DA:1010,0
DA:1016,12
DA:1017,4
DA:1019,8
DA:1020,4
DA:1021,4
DA:1022,4
DA:1023,4
DA:1025,4
DA:1030,16
DA:1031,3
DA:1032,3
DA:1033,9
DA:1034,3
DA:1035,3
DA:1036,3
DA:1041,3
DA:1042,3
DA:1046,0
DA:1048,0
DA:1049,0
DA:1051,0
DA:1052,0
DA:1053,0
DA:1055,0
DA:1056,0
DA:1057,0
DA:1061,0
DA:1062,0
DA:1063,0
DA:1064,0
DA:1073,4
DA:1076,4
DA:1077,4
DA:1079,4
DA:1080,4
DA:1081,4
DA:1082,4
DA:1083,4
DA:1088,8
DA:1090,4
DA:1092,8
DA:1095,8
DA:1096,4
DA:1097,4
DA:1102,0
DA:1103,0
DA:1104,0
DA:1105,0
DA:1106,0
DA:1108,0
DA:1109,0
DA:1110,0
DA:1115,4
DA:1120,8
DA:1122,12
DA:1125,8
DA:1129,4
DA:1131,4
DA:1132,4
DA:1133,4
DA:1135,8
DA:1136,4
DA:1137,4
DA:1138,4
DA:1139,4
DA:1140,4
DA:1142,4
DA:1146,8
DA:1147,8
DA:1148,12
DA:1149,4
DA:1150,8
DA:1152,12
DA:1153,0
DA:1154,0
DA:1158,8
DA:1162,12
DA:1163,4
DA:1168,8
DA:1169,4
DA:1171,0
DA:1172,0
DA:1173,0
DA:1174,0
DA:1176,0
DA:1177,0
DA:1178,0
DA:1184,3
DA:1190,6
DA:1191,6
DA:1192,6
DA:1194,3
DA:1196,9
DA:1197,3
DA:1202,6
DA:1203,3
DA:1204,3
DA:1206,3
DA:1209,0
DA:1210,0
DA:1211,0
DA:1212,0
DA:1214,0
DA:1215,0
DA:1216,0
DA:1222,3
DA:1227,6
DA:1228,3
DA:1229,3
DA:1231,3
DA:1235,9
DA:1236,3
DA:1241,6
DA:1242,3
DA:1243,3
DA:1247,0
DA:1248,0
DA:1249,0
DA:1251,0
DA:1252,0
DA:1253,0
DA:1259,3
DA:1264,6
DA:1265,3
DA:1266,9
DA:1267,3
DA:1272,6
DA:1273,3
DA:1274,3
DA:1278,0
DA:1279,0
DA:1280,0
DA:1282,0
DA:1283,0
DA:1284,0
DA:1290,3
DA:1295,6
DA:1296,3
DA:1297,9
DA:1298,3
DA:1303,3
DA:1304,0
DA:1305,0
DA:1306,0
DA:1308,0
DA:1309,0
DA:1310,0
DA:1319,3
DA:1321,6
DA:1322,3
DA:1324,3
DA:1325,3
DA:1328,6
DA:1329,3
DA:1331,6
DA:1334,3
DA:1335,3
DA:1337,6
DA:1338,3
DA:1339,6
DA:1344,3
DA:1345,3
DA:1349,3
DA:1350,3
DA:1351,6
DA:1353,6
DA:1357,9
DA:1358,0
DA:1359,0
DA:1360,0
DA:1362,0
DA:1363,0
DA:1364,0
DA:1367,0
DA:1368,0
DA:1370,0
DA:1372,0
DA:1373,0
DA:1375,0
DA:1376,0
DA:1377,0
DA:1380,0
DA:1384,6
DA:1385,3
DA:1390,0
DA:1391,0
DA:1392,0
DA:1394,0
DA:1395,0
DA:1396,0
DA:1402,3
DA:1407,6
DA:1408,3
DA:1409,3
DA:1412,3
DA:1415,3
DA:1416,3
DA:1417,6
DA:1419,6
DA:1420,6
DA:1422,0
DA:1424,0
DA:1426,0
DA:1429,0
DA:1430,0
DA:1432,0
DA:1433,0
DA:1434,0
DA:1440,9
DA:1441,3
DA:1447,6
DA:1448,3
DA:1449,3
DA:1451,3
DA:1452,3
DA:1453,3
DA:1457,9
DA:1458,3
DA:1460,3
DA:1461,3
DA:1462,3
DA:1466,0
DA:1467,0
DA:1468,0
DA:1470,0
DA:1471,0
DA:1472,0
DA:1480,5
DA:1481,25
DA:1482,25
DA:1483,25
DA:1484,25
DA:1485,25
DA:1488,0
DA:1490,0
DA:1493,3
DA:1500,3
DA:1501,3
DA:1502,15
DA:1503,3
DA:1505,6
DA:1506,3
DA:1507,3
DA:1512,3
DA:1513,3
DA:1514,15
DA:1515,3
DA:1517,6
DA:1518,3
DA:1519,3
DA:1524,3
DA:1529,9
DA:1530,3
DA:1531,3
DA:1534,6
DA:1535,3
DA:1536,3
DA:1539,9
DA:1540,9
DA:1541,3
DA:1542,6
DA:1545,6
DA:1546,3
DA:1547,6
DA:1551,0
DA:1552,0
DA:1553,0
DA:1560,5
DA:1561,5
DA:1566,3
DA:1567,6
DA:1568,3
DA:1570,3
DA:1574,9
DA:1575,3
DA:1577,3
DA:1584,3
DA:1585,6
DA:1586,3
DA:1587,12
DA:1588,9
DA:1590,3
DA:1592,3
DA:1599,4
DA:1600,12
DA:1601,3
DA:1603,3
DA:1607,16
DA:1608,3
DA:1610,3
DA:1617,3
DA:1618,9
DA:1619,0
DA:1621,0
DA:1625,12
DA:1626,0
DA:1628,0
DA:1637,4
DA:1647,12
DA:1653,4
DA:1660,4
DA:1669,4
DA:1676,4
DA:1677,12
DA:1680,4
DA:1686,4
DA:1687,4
DA:1690,4
DA:1691,4
DA:1696,4
DA:1697,4
DA:1705,3
DA:1707,3
DA:1711,4
DA:1715,4
DA:1720,4
DA:1721,0
DA:1730,3
DA:1734,3
DA:1735,3
DA:1739,6
DA:1741,3
DA:1742,6
DA:1750,3
DA:1755,3
DA:1756,6
DA:1757,3
DA:1758,3
DA:1761,3
DA:1762,3
DA:1764,3
DA:1770,3
DA:1774,3
DA:1776,6
DA:1777,0
DA:1783,6
DA:1788,3
DA:1791,3
DA:1796,3
DA:1801,3
DA:1802,6
DA:1803,3
DA:1804,3
DA:1807,3
DA:1808,3
DA:1810,3
DA:1816,3
DA:1817,3
DA:1822,4
DA:1827,8
DA:1828,16
DA:1830,12
DA:1831,0
DA:1835,0
DA:1836,0
DA:1837,0
DA:1838,0
DA:1839,0
DA:1842,4
DA:1843,0
DA:1845,4
DA:1846,4
DA:1847,4
DA:1855,0
DA:1860,0
DA:1861,0
DA:1863,0
DA:1864,0
DA:1865,0
DA:1868,0
DA:1869,0
DA:1871,0
DA:1883,0
DA:1889,0
DA:1890,0
DA:1892,0
DA:1893,0
DA:1896,0
DA:1897,0
DA:1898,0
DA:1899,0
DA:1900,0
DA:1901,0
DA:1902,0
DA:1903,0
DA:1904,0
DA:1906,0
DA:1907,0
DA:1908,0
DA:1909,0
DA:1910,0
DA:1911,0
DA:1912,0
DA:1913,0
DA:1914,0
DA:1915,0
DA:1918,0
DA:1919,0
DA:1925,0
DA:1940,0
DA:1946,0
DA:1950,0
DA:1951,0
DA:1952,0
DA:1953,0
DA:1954,0
DA:1956,0
DA:1957,0
DA:1963,0
DA:1965,0
DA:1966,0
DA:1967,0
DA:1973,0
DA:1979,0
DA:1981,0
DA:1986,0
DA:1989,0
DA:1990,0
DA:1994,0
DA:1997,0
DA:1999,0
DA:2000,0
DA:2002,0
DA:2003,0
DA:2006,0
DA:2008,0
DA:2012,0
DA:2014,0
DA:2016,0
DA:2019,0
DA:2025,0
DA:2031,0
DA:2033,0
DA:2042,0
DA:2051,0
DA:2060,0
DA:2064,0
DA:2067,0
DA:2071,0
DA:2073,0
DA:2076,0
DA:2077,0
DA:2078,0
DA:2079,0
DA:2080,0
DA:2084,0
DA:2085,0
DA:2089,0
DA:2091,0
DA:2092,0
DA:2093,0
DA:2094,0
DA:2101,0
DA:2103,0
DA:2107,0
DA:2115,0
DA:2116,0
DA:2118,0
DA:2123,0
DA:2124,0
DA:2129,0
DA:2131,0
DA:2132,0
DA:2133,0
DA:2138,0
DA:2146,0
DA:2148,0
DA:2150,0
DA:2151,0
DA:2152,0
DA:2158,0
DA:2161,0
DA:2162,0
DA:2164,0
DA:2167,0
DA:2168,0
DA:2170,0
DA:2171,0
DA:2173,0
DA:2175,0
DA:2178,0
DA:2179,0
DA:2180,0
DA:2185,0
DA:2191,0
DA:2193,0
DA:2197,0
DA:2199,0
DA:2200,0
DA:2204,0
DA:2205,0
DA:2206,0
DA:2207,0
DA:2210,0
DA:2211,0
DA:2214,0
DA:2216,0
DA:2218,0
DA:2222,0
DA:2228,0
DA:2233,0
DA:2234,0
DA:2235,0
DA:2237,0
DA:2239,0
DA:2240,0
DA:2241,0
DA:2243,0
DA:2247,0
DA:2248,0
DA:2249,0
DA:2251,0
DA:2255,0
DA:2256,0
DA:2257,0
DA:2258,0
DA:2259,0
DA:2261,0
DA:2263,0
DA:2265,0
DA:2266,0
DA:2267,0
DA:2268,0
DA:2269,0
DA:2270,0
DA:2271,0
DA:2279,0
DA:2290,0
DA:2293,0
DA:2296,0
DA:2304,0
DA:2316,0
DA:2319,0
DA:2323,0
DA:2325,0
DA:2328,0
DA:2329,0
DA:2330,0
DA:2331,0
DA:2332,0
DA:2336,0
DA:2337,0
DA:2341,0
DA:2343,0
DA:2344,0
DA:2350,0
DA:2351,0
DA:2353,0
DA:2356,0
DA:2372,0
DA:2373,0
DA:2374,0
DA:2376,0
DA:2377,0
DA:2380,0
DA:2381,0
DA:2382,0
DA:2383,0
DA:2386,0
DA:2387,0
DA:2388,0
DA:2391,0
DA:2392,0
DA:2395,0
DA:2396,0
DA:2397,0
DA:2400,0
DA:2401,0
DA:2405,0
DA:2407,0
DA:2411,0
DA:2412,0
DA:2415,0
DA:2417,0
DA:2421,0
DA:2424,0
DA:2426,0
DA:2432,0
DA:2433,0
DA:2435,0
DA:2437,0
DA:2440,0
DA:2443,0
DA:2449,0
DA:2450,0
DA:2454,0
DA:2461,0
DA:2463,0
DA:2464,0
DA:2471,0
DA:2472,0
DA:2473,0
DA:2474,0
DA:2477,0
DA:2484,0
DA:2488,0
DA:2492,0
DA:2494,0
DA:2496,0
DA:2502,0
DA:2506,0
DA:2510,0
DA:2512,0
DA:2513,0
DA:2514,0
DA:2516,0
DA:2523,0
DA:2528,0
DA:2530,0
DA:2532,0
DA:2538,0
DA:2539,0
DA:2540,0
DA:2541,0
DA:2543,0
DA:2551,0
DA:2552,0
DA:2554,0
DA:2557,0
DA:2561,0
DA:2565,0
DA:2571,0
DA:2572,0
DA:2573,0
DA:2575,0
DA:2576,0
DA:2579,0
DA:2580,0
DA:2581,0
DA:2582,0
DA:2585,0
DA:2586,0
DA:2587,0
DA:2591,0
DA:2597,0
DA:2598,0
DA:2601,0
DA:2603,0
DA:2605,0
DA:2607,0
DA:2610,0
DA:2611,0
DA:2612,0
DA:2618,0
DA:2619,0
DA:2621,0
DA:2624,0
DA:2626,0
DA:2628,0
DA:2631,0
DA:2635,0
DA:2639,0
DA:2640,0
DA:2641,0
DA:2642,0
DA:2643,0
DA:2646,0
DA:2652,0
DA:2657,0
DA:2659,0
DA:2661,0
DA:2662,0
DA:2665,0
DA:2669,0
DA:2670,0
DA:2671,0
DA:2672,0
DA:2674,0
DA:2681,0
DA:2682,0
DA:2686,0
DA:2688,0
DA:2691,0
DA:2692,0
DA:2696,0
DA:2698,0
DA:2701,0
DA:2702,0
DA:2705,0
DA:2706,0
DA:2707,0
DA:2708,0
DA:2710,0
DA:2715,0
DA:2716,0
DA:2717,0
DA:2719,0
DA:2720,0
DA:2723,0
DA:2724,0
DA:2725,0
DA:2727,0
DA:2728,0
DA:2729,0
DA:2735,0
DA:2736,0
DA:2738,0
DA:2739,0
DA:2742,0
DA:2743,0
DA:2746,0
DA:2748,0
DA:2749,0
DA:2750,0
DA:2751,0
DA:2753,0
DA:2755,0
DA:2760,0
DA:2761,0
DA:2762,0
DA:2764,0
DA:2765,0
DA:2769,0
DA:2770,0
DA:2771,0
DA:2773,0
DA:2778,0
DA:2779,0
DA:2780,0
DA:2782,0
DA:2783,0
DA:2785,0
LF:1046
LH:543
end_of_record
TN:
SF:lib/apis/sign_api/utils/auth/address_utils.dart
FNF:0
FNH:0
DA:2,3
DA:3,6
DA:6,3
DA:7,6
DA:10,0
DA:11,0
LF:6
LH:4
end_of_record
TN:
SF:lib/apis/sign_api/utils/auth/auth_api_validators.dart
FNF:0
FNH:0
DA:5,1
DA:6,1
DA:7,1
DA:10,3
DA:11,6
DA:12,2
DA:15,4
DA:19,6
DA:20,1
DA:27,9
DA:28,1
DA:34,3
DA:35,1
DA:36,1
DA:39,1
DA:46,3
DA:52,3
DA:53,2
DA:55,2
DA:60,1
DA:70,0
DA:71,0
DA:72,0
DA:78,0
DA:79,0
DA:82,0
DA:86,0
DA:87,0
DA:93,0
DA:94,0
DA:100,0
DA:101,0
DA:102,0
DA:103,0
DA:104,0
DA:111,0
DA:112,0
DA:113,0
DA:123,0
DA:128,0
DA:129,0
DA:132,0
DA:136,0
DA:137,0
LF:44
LH:20
end_of_record
TN:
SF:lib/apis/sign_api/utils/auth/auth_signature.dart
FNF:0
FNH:0
DA:16,9
DA:17,3
DA:18,6
DA:19,6
DA:22,3
DA:23,3
DA:24,3
DA:25,3
DA:26,3
DA:28,6
DA:30,3
DA:36,3
DA:37,6
DA:40,6
DA:43,0
DA:46,3
DA:53,3
DA:54,6
DA:58,6
DA:59,0
DA:63,3
DA:64,6
DA:67,3
DA:68,6
DA:72,6
DA:92,3
DA:93,3
DA:94,3
DA:97,3
DA:98,3
DA:99,6
DA:112,9
DA:115,0
DA:128,0
DA:130,0
DA:132,0
DA:133,0
DA:134,0
DA:135,0
DA:138,0
DA:139,0
DA:141,0
DA:143,0
DA:149,0
DA:157,0
DA:158,0
DA:166,3
DA:173,6
DA:174,3
DA:177,3
DA:179,0
DA:180,0
DA:183,0
DA:188,0
DA:189,0
DA:194,0
DA:199,0
DA:200,0
DA:202,0
DA:204,0
DA:212,0
DA:217,0
DA:219,0
DA:221,0
DA:225,0
DA:226,0
DA:227,0
DA:230,0
DA:231,0
DA:235,0
DA:237,0
DA:241,0
DA:243,0
DA:244,0
DA:246,0
DA:247,0
DA:248,0
DA:249,0
DA:250,0
DA:254,0
DA:257,0
DA:259,0
DA:265,0
DA:266,0
DA:267,0
DA:270,0
DA:271,0
DA:273,0
DA:276,0
DA:280,1
DA:282,1
DA:283,1
DA:284,2
DA:285,1
DA:292,1
DA:295,2
DA:296,1
DA:297,2
DA:298,3
LF:99
LH:44
end_of_record
TN:
SF:lib/apis/sign_api/utils/auth/auth_utils.dart
FNF:0
FNH:0
DA:2,3
DA:3,9
LF:2
LH:2
end_of_record
TN:
SF:lib/apis/sign_api/utils/auth/recaps_utils.dart
FNF:0
FNH:0
DA:8,0
DA:9,0
DA:10,0
DA:12,0
DA:13,0
DA:16,0
DA:17,0
DA:20,0
DA:21,0
DA:22,0
DA:26,0
DA:27,0
DA:29,0
DA:31,0
DA:35,0
DA:36,0
DA:37,0
DA:39,0
DA:42,0
DA:44,0
DA:46,0
DA:47,0
DA:49,0
DA:50,0
DA:53,0
DA:55,0
DA:59,0
DA:61,0
DA:62,0
DA:63,0
DA:64,0
DA:67,0
DA:68,0
DA:69,0
DA:73,0
DA:74,0
DA:76,0
DA:82,0
DA:83,0
DA:84,0
DA:90,0
DA:91,0
DA:92,0
DA:93,0
DA:95,0
DA:98,0
DA:99,0
DA:100,0
DA:102,0
DA:106,0
DA:107,0
DA:108,0
DA:109,0
DA:111,0
DA:115,0
DA:116,0
DA:118,0
DA:123,0
DA:124,0
DA:125,0
DA:127,0
DA:139,0
DA:144,0
DA:145,0
DA:148,0
DA:149,0
DA:150,0
DA:151,0
DA:153,0
DA:156,0
DA:163,0
DA:164,0
DA:166,0
DA:167,0
DA:168,0
DA:169,0
DA:170,0
DA:174,0
DA:175,0
DA:176,0
DA:184,0
DA:185,0
DA:186,0
DA:187,0
DA:188,0
DA:191,0
DA:195,0
DA:196,0
DA:197,0
DA:198,0
DA:199,0
DA:200,0
DA:202,0
DA:204,0
DA:205,0
DA:206,0
DA:207,0
DA:208,0
DA:209,0
DA:210,0
DA:213,0
DA:214,0
DA:215,0
DA:216,0
DA:224,0
DA:227,0
DA:229,0
DA:230,0
DA:233,0
DA:237,0
DA:241,0
DA:243,0
DA:245,0
DA:246,0
DA:247,0
DA:248,0
DA:249,0
DA:250,0
DA:251,0
DA:252,0
DA:253,0
DA:255,0
DA:256,0
DA:258,0
DA:259,0
DA:260,0
DA:261,0
DA:262,0
DA:263,0
DA:265,0
DA:268,0
DA:269,0
DA:270,0
DA:271,0
DA:272,0
DA:274,0
DA:275,0
DA:279,0
DA:280,0
DA:282,0
DA:285,0
DA:290,0
DA:291,0
DA:293,0
DA:296,0
DA:298,0
DA:301,0
DA:303,0
DA:305,0
DA:307,0
DA:310,0
DA:315,0
DA:316,0
DA:318,0
DA:319,0
DA:320,0
DA:321,0
DA:322,0
DA:326,0
DA:329,0
DA:335,0
DA:336,0
DA:337,0
DA:338,0
DA:342,0
DA:343,0
DA:344,0
DA:345,0
DA:346,0
LF:169
LH:0
end_of_record
TN:
SF:lib/apis/sign_api/utils/custom_credentials.dart
FNF:0
FNH:0
DA:8,0
DA:26,0
DA:27,0
DA:29,0
DA:31,0
DA:32,0
DA:33,0
DA:35,0
DA:38,0
DA:39,0
DA:40,0
DA:41,0
DA:42,0
DA:46,0
DA:47,0
DA:48,0
DA:54,0
DA:55,0
DA:57,0
DA:63,0
DA:68,0
DA:71,0
DA:78,0
LF:23
LH:0
end_of_record
TN:
SF:lib/apis/sign_api/utils/sign_api_validator_utils.dart
FNF:0
FNH:0
DA:7,6
DA:12,6
DA:13,12
DA:15,6
DA:16,18
DA:22,5
DA:28,5
DA:30,4
DA:31,4
DA:33,4
DA:37,10
DA:38,5
DA:39,1
DA:42,1
DA:52,5
DA:56,10
DA:57,5
DA:59,5
DA:60,5
DA:69,5
DA:73,10
DA:74,5
DA:75,4
DA:78,4
DA:87,5
DA:91,10
DA:92,5
DA:93,5
DA:94,5
DA:103,4
DA:108,4
DA:109,1
DA:111,1
DA:116,4
DA:122,4
DA:126,4
DA:127,4
DA:129,4
DA:138,4
DA:144,4
DA:145,1
DA:147,1
DA:152,4
DA:157,4
DA:162,4
DA:163,4
DA:165,4
DA:174,4
DA:180,4
DA:181,1
DA:183,1
DA:188,4
DA:193,4
DA:198,4
DA:199,4
DA:201,4
DA:210,6
DA:215,12
DA:216,12
DA:219,6
DA:221,4
DA:223,4
DA:226,12
DA:228,6
DA:230,6
DA:232,6
DA:234,6
DA:239,6
DA:243,6
DA:244,12
DA:245,12
DA:247,6
DA:248,12
DA:249,12
DA:253,5
DA:256,5
DA:259,2
DA:262,10
DA:265,2
DA:268,10
DA:277,4
DA:281,12
DA:282,8
DA:285,4
DA:289,8
DA:290,8
DA:291,4
DA:293,4
DA:297,4
DA:304,4
DA:308,4
DA:309,4
DA:310,8
DA:312,4
DA:313,4
DA:314,8
LF:96
LH:96
end_of_record
TN:
SF:lib/apis/utils/errors.dart
FNF:0
FNH:0
DA:230,7
DA:234,7
DA:235,7
DA:236,14
DA:237,7
DA:238,12
DA:239,8
DA:246,6
DA:250,6
DA:251,6
DA:252,12
DA:253,6
DA:254,12
DA:255,14
LF:14
LH:14
end_of_record
TN:
SF:lib/apis/utils/extensions.dart
FNF:0
FNH:0
DA:8,0
DA:9,0
DA:10,0
DA:11,0
DA:12,0
DA:13,0
DA:14,0
DA:15,0
DA:16,0
DA:17,0
DA:18,0
DA:19,0
DA:20,0
DA:21,0
DA:22,0
DA:28,0
DA:29,0
DA:30,0
DA:31,0
DA:32,0
DA:33,0
DA:34,0
DA:36,0
DA:37,0
DA:38,0
DA:39,0
DA:44,0
DA:45,0
DA:46,0
DA:47,0
DA:49,0
DA:55,0
DA:57,0
DA:58,0
DA:60,0
DA:66,0
DA:68,0
DA:69,0
DA:74,0
DA:76,0
LF:40
LH:0
end_of_record
TN:
SF:lib/apis/utils/log_level.dart
FNF:0
FNH:0
DA:12,10
DA:14,10
DA:16,10
DA:18,10
DA:20,6
DA:22,6
DA:24,6
LF:7
LH:7
end_of_record
TN:
SF:lib/apis/utils/namespace_utils.dart
FNF:0
FNH:0
DA:7,6
DA:8,6
DA:9,6
DA:10,12
DA:16,6
DA:17,6
DA:18,6
DA:19,12
DA:20,18
DA:21,18
DA:27,4
DA:29,4
DA:36,1
DA:37,1
DA:38,2
DA:43,6
DA:44,6
DA:45,6
DA:46,6
DA:47,6
DA:48,6
DA:55,6
DA:57,12
DA:58,6
DA:59,6
DA:65,6
DA:70,1
DA:71,1
DA:72,2
DA:79,0
DA:82,0
DA:83,0
DA:84,0
DA:85,0
DA:86,0
DA:87,0
DA:88,0
DA:89,0
DA:90,0
DA:93,0
DA:94,0
DA:95,0
DA:96,0
DA:98,0
DA:99,0
DA:100,0
DA:111,6
DA:115,6
DA:116,6
DA:119,12
DA:123,5
DA:128,10
DA:129,5
DA:130,5
DA:137,5
DA:141,5
DA:145,5
DA:146,10
DA:147,5
DA:148,2
DA:150,10
DA:151,5
DA:152,10
DA:161,0
DA:165,0
DA:166,0
DA:167,0
DA:168,0
DA:170,0
DA:171,0
DA:180,5
DA:184,5
DA:185,10
DA:186,5
DA:187,2
DA:189,10
DA:190,5
DA:191,10
DA:201,6
DA:205,6
DA:206,6
DA:207,6
DA:208,6
DA:211,12
DA:219,1
DA:225,2
DA:226,1
DA:227,1
DA:234,1
DA:239,4
DA:246,4
DA:252,4
DA:256,1
DA:260,8
DA:261,9
DA:262,1
DA:263,1
DA:264,2
DA:265,1
DA:266,1
DA:267,1
DA:268,4
DA:269,1
DA:270,1
DA:271,1
DA:272,1
DA:273,4
DA:274,1
DA:275,1
DA:276,1
DA:277,1
DA:278,4
DA:279,1
DA:281,1
DA:285,4
DA:287,4
DA:291,0
DA:295,0
DA:296,0
DA:299,0
DA:301,0
DA:302,0
DA:303,0
DA:304,0
DA:305,0
DA:311,0
DA:316,4
DA:325,8
DA:326,8
DA:327,12
DA:332,4
DA:338,4
DA:344,4
DA:347,8
DA:349,4
DA:350,4
DA:351,4
DA:352,4
DA:353,8
DA:354,8
DA:356,4
DA:357,4
DA:364,4
DA:365,4
DA:368,8
DA:372,4
DA:373,4
DA:376,8
DA:381,8
DA:383,4
DA:384,4
DA:387,12
DA:390,4
DA:391,4
DA:394,8
DA:398,4
DA:399,4
DA:402,8
DA:409,8
DA:410,8
DA:411,8
DA:412,8
DA:431,0
DA:434,0
DA:435,0
DA:436,0
DA:437,0
DA:439,0
LF:168
LH:128
end_of_record
TN:
SF:lib/apis/utils/walletconnect_utils.dart
FNF:0
FNH:0
DA:9,7
DA:10,21
DA:11,7
DA:12,7
DA:14,7
DA:18,0
DA:19,0
DA:20,0
DA:23,7
DA:24,7
DA:27,7
DA:28,35
DA:31,9
DA:36,27
DA:37,9
DA:41,9
DA:42,9
DA:43,9
DA:46,9
DA:50,9
DA:52,9
DA:54,9
DA:56,9
DA:58,0
DA:66,9
DA:71,9
DA:72,9
DA:73,9
DA:74,18
DA:75,18
DA:78,9
DA:81,9
DA:90,9
DA:91,18
DA:92,9
DA:95,9
DA:101,9
DA:102,9
DA:106,9
DA:107,9
DA:108,9
DA:109,0
DA:110,9
DA:111,0
DA:113,9
DA:117,9
DA:118,18
DA:123,8
DA:124,8
DA:125,8
DA:126,8
DA:127,16
DA:133,16
DA:135,16
DA:136,8
DA:137,30
DA:138,7
DA:141,8
DA:142,8
DA:145,8
DA:153,8
DA:154,5
DA:155,10
DA:156,10
DA:161,8
DA:162,16
DA:163,8
DA:164,16
DA:165,16
DA:166,0
DA:173,8
DA:176,8
DA:183,7
DA:187,7
DA:188,28
DA:189,7
DA:190,0
DA:195,7
DA:204,7
DA:205,7
DA:207,18
DA:208,6
DA:209,30
DA:213,14
DA:216,7
DA:218,7
DA:223,0
DA:224,0
DA:225,0
DA:226,0
LF:90
LH:78
end_of_record
TN:
SF:lib/apis/web3app/web3app.dart
FNF:0
FNH:0
DA:22,2
DA:30,2
DA:31,2
DA:40,2
DA:57,2
DA:61,4
DA:62,2
DA:63,2
DA:64,2
DA:65,4
DA:68,0
DA:69,0
DA:72,2
DA:73,4
DA:76,0
DA:77,0
DA:80,2
DA:81,4
DA:84,0
DA:85,0
DA:88,2
DA:89,4
DA:92,0
DA:93,0
DA:96,2
DA:97,4
DA:100,0
DA:104,2
DA:105,4
DA:108,0
DA:109,0
DA:112,2
DA:113,4
DA:116,0
DA:117,0
DA:120,2
DA:121,4
DA:124,0
DA:125,0
DA:130,4
DA:131,2
DA:132,2
DA:133,4
DA:134,4
DA:135,4
DA:136,4
DA:140,2
DA:142,2
DA:146,4
DA:147,4
DA:148,4
DA:150,2
DA:155,2
DA:156,4
DA:157,1
DA:158,2
DA:159,1
DA:160,2
DA:161,0
DA:163,0
DA:164,1
DA:165,2
DA:166,1
DA:167,2
DA:168,1
DA:169,2
DA:170,1
DA:171,2
DA:173,1
DA:174,2
DA:175,1
DA:176,2
DA:177,0
DA:179,0
DA:184,2
DA:194,4
DA:208,1
DA:215,2
DA:225,0
DA:234,0
DA:246,0
DA:258,0
DA:273,1
DA:280,2
DA:290,1
DA:295,2
DA:301,1
DA:307,2
DA:316,2
DA:319,4
DA:325,1
DA:330,2
DA:338,1
DA:341,2
DA:347,2
DA:348,6
DA:352,0
DA:353,0
DA:355,0
DA:356,0
DA:357,0
DA:358,0
DA:359,0
DA:361,0
DA:370,1
DA:377,2
DA:387,0
DA:392,0
DA:402,0
DA:404,0
DA:406,0
DA:415,0
DA:425,0
DA:431,0
DA:440,0
DA:446,0
LF:116
LH:75
end_of_record
TN:
SF:lib/apis/web3wallet/web3wallet.dart
FNF:0
FNH:0
DA:13,3
DA:22,3
DA:23,3
DA:33,3
DA:50,3
DA:54,6
DA:55,3
DA:56,3
DA:57,3
DA:58,6
DA:61,0
DA:62,0
DA:65,3
DA:66,6
DA:69,0
DA:70,0
DA:73,3
DA:74,6
DA:77,0
DA:78,0
DA:81,3
DA:82,6
DA:85,0
DA:86,0
DA:89,3
DA:90,6
DA:93,0
DA:97,3
DA:98,6
DA:101,0
DA:102,0
DA:105,3
DA:106,6
DA:109,0
DA:110,0
DA:113,3
DA:114,6
DA:117,0
DA:118,0
DA:123,6
DA:124,3
DA:125,3
DA:126,6
DA:127,6
DA:128,6
DA:129,6
DA:133,3
DA:135,3
DA:139,6
DA:140,6
DA:141,6
DA:143,3
DA:146,2
DA:151,4
DA:159,1
DA:160,2
DA:161,1
DA:162,2
DA:163,1
DA:164,2
DA:165,2
DA:167,4
DA:168,0
DA:170,0
DA:171,1
DA:173,2
DA:174,1
DA:176,2
DA:177,1
DA:178,2
DA:180,1
DA:181,2
DA:182,1
DA:183,2
DA:184,1
DA:186,2
DA:191,2
DA:199,4
DA:210,1
DA:216,2
DA:225,1
DA:231,2
DA:241,1
DA:246,2
DA:252,1
DA:259,2
DA:269,1
DA:275,2
DA:284,1
DA:290,2
DA:299,1
DA:305,2
DA:314,1
DA:321,2
DA:331,1
DA:337,2
DA:346,1
DA:351,2
DA:357,2
DA:360,4
DA:366,1
DA:371,2
DA:379,2
DA:382,4
DA:388,1
DA:391,2
DA:397,2
DA:398,6
DA:402,2
DA:403,4
DA:405,0
DA:406,0
DA:407,0
DA:408,0
DA:409,0
DA:410,0
DA:411,0
DA:413,0
DA:422,2
DA:430,4
DA:441,2
DA:444,4
DA:450,1
DA:455,2
DA:465,0
DA:467,0
DA:468,0
DA:470,0
DA:472,0
DA:478,0
DA:487,0
DA:493,0
DA:502,0
DA:505,0
DA:511,0
DA:517,0
DA:526,0
DA:532,0
LF:138
LH:99
end_of_record
